<?xml version="1.0" encoding="UTF-8"?>
<!-- Generated by org.testng.reporters.JUnitXMLReporter -->
<testsuite ignored="0" hostname="Dhruvs-Mac-mini.local" failures="0" tests="6" name="Test" time="161.999" errors="0" timestamp="2021-08-28T15:46:53 IST">
  <testcase classname="com.adpushup.mavenproject.TC01_Box1_30sec_display" name="box1_validation" time="0.815"/>
  <testcase classname="com.adpushup.mavenproject.TC03_Box1_AdRefreshValidation" name="adrefreshValidation_BOX1" time="40.767"/>
  <testcase classname="com.adpushup.mavenproject.TC04_Box2_AdRefreshValidation" name="adrefreshValidation_BOX1" time="40.792"/>
  <testcase classname="com.adpushup.mavenproject.TC05_Box1_AdRefreshBackToSameTab" name="adrefreshValidation_BOX1" time="32.835"/>
  <testcase classname="com.adpushup.mavenproject.TC02_Box2_30sec_display" name="box2_validation" time="0.749"/>
  <testcase classname="com.adpushup.mavenproject.TC06_Box2_AdRefreshBackToSameTab" name="adrefreshValidation_BOX1" time="35.863"/>
</testsuite> <!-- Test -->
