<?xml version="1.0" encoding="UTF-8"?>
<testng-results ignored="0" total="6" passed="6" failed="0" skipped="0">
  <reporter-output>
  </reporter-output>
  <suite started-at="2021-08-28T15:44:06 IST" name="Suite" finished-at="2021-08-28T15:46:48 IST" duration-ms="161999">
    <groups>
    </groups>
    <test started-at="2021-08-28T15:44:06 IST" name="Test" finished-at="2021-08-28T15:46:48 IST" duration-ms="161999">
      <class name="com.adpushup.mavenproject.TC05_Box1_AdRefreshBackToSameTab">
        <test-method is-config="true" signature="launchbrowser()[pri:0, instance:com.adpushup.mavenproject.TC05_Box1_AdRefreshBackToSameTab@6bf0219d]" started-at="2021-08-28T15:45:35 IST" name="launchbrowser" finished-at="2021-08-28T15:45:36 IST" duration-ms="1365" status="PASS">
          <reporter-output>
          </reporter-output>
        </test-method> <!-- launchbrowser -->
        <test-method signature="adrefreshValidation_BOX1()[pri:0, instance:com.adpushup.mavenproject.TC05_Box1_AdRefreshBackToSameTab@6bf0219d]" started-at="2021-08-28T15:45:36 IST" name="adrefreshValidation_BOX1" finished-at="2021-08-28T15:46:09 IST" duration-ms="32835" status="PASS">
          <reporter-output>
          </reporter-output>
        </test-method> <!-- adrefreshValidation_BOX1 -->
        <test-method is-config="true" signature="afterTest()[pri:0, instance:com.adpushup.mavenproject.TC05_Box1_AdRefreshBackToSameTab@6bf0219d]" started-at="2021-08-28T15:46:09 IST" name="afterTest" finished-at="2021-08-28T15:46:09 IST" duration-ms="123" status="PASS">
          <reporter-output>
          </reporter-output>
        </test-method> <!-- afterTest -->
      </class> <!-- com.adpushup.mavenproject.TC05_Box1_AdRefreshBackToSameTab -->
      <class name="com.adpushup.mavenproject.TC04_Box2_AdRefreshValidation">
        <test-method is-config="true" signature="launchbrowser()[pri:0, instance:com.adpushup.mavenproject.TC04_Box2_AdRefreshValidation@3cc1435c]" started-at="2021-08-28T15:44:52 IST" name="launchbrowser" finished-at="2021-08-28T15:44:54 IST" duration-ms="1368" status="PASS">
          <reporter-output>
          </reporter-output>
        </test-method> <!-- launchbrowser -->
        <test-method signature="adrefreshValidation_BOX1()[pri:0, instance:com.adpushup.mavenproject.TC04_Box2_AdRefreshValidation@3cc1435c]" started-at="2021-08-28T15:44:54 IST" name="adrefreshValidation_BOX1" finished-at="2021-08-28T15:45:35 IST" duration-ms="40792" status="PASS">
          <reporter-output>
          </reporter-output>
        </test-method> <!-- adrefreshValidation_BOX1 -->
        <test-method is-config="true" signature="afterTest()[pri:0, instance:com.adpushup.mavenproject.TC04_Box2_AdRefreshValidation@3cc1435c]" started-at="2021-08-28T15:45:35 IST" name="afterTest" finished-at="2021-08-28T15:45:35 IST" duration-ms="101" status="PASS">
          <reporter-output>
          </reporter-output>
        </test-method> <!-- afterTest -->
      </class> <!-- com.adpushup.mavenproject.TC04_Box2_AdRefreshValidation -->
      <class name="com.adpushup.mavenproject.TC01_Box1_30sec_display">
        <test-method is-config="true" signature="launchbrowser()[pri:0, instance:com.adpushup.mavenproject.TC01_Box1_30sec_display@71c3b41]" started-at="2021-08-28T15:44:06 IST" name="launchbrowser" finished-at="2021-08-28T15:44:09 IST" duration-ms="2762" status="PASS">
          <reporter-output>
          </reporter-output>
        </test-method> <!-- launchbrowser -->
        <test-method signature="box1_validation()[pri:0, instance:com.adpushup.mavenproject.TC01_Box1_30sec_display@71c3b41]" started-at="2021-08-28T15:44:09 IST" name="box1_validation" finished-at="2021-08-28T15:44:10 IST" duration-ms="815" status="PASS">
          <reporter-output>
          </reporter-output>
        </test-method> <!-- box1_validation -->
        <test-method is-config="true" signature="closeconnection()[pri:0, instance:com.adpushup.mavenproject.TC01_Box1_30sec_display@71c3b41]" started-at="2021-08-28T15:44:10 IST" name="closeconnection" finished-at="2021-08-28T15:44:10 IST" duration-ms="136" status="PASS">
          <reporter-output>
          </reporter-output>
        </test-method> <!-- closeconnection -->
      </class> <!-- com.adpushup.mavenproject.TC01_Box1_30sec_display -->
      <class name="com.adpushup.mavenproject.TC03_Box1_AdRefreshValidation">
        <test-method is-config="true" signature="launchbrowser()[pri:0, instance:com.adpushup.mavenproject.TC03_Box1_AdRefreshValidation@236e3f4e]" started-at="2021-08-28T15:44:10 IST" name="launchbrowser" finished-at="2021-08-28T15:44:11 IST" duration-ms="1264" status="PASS">
          <reporter-output>
          </reporter-output>
        </test-method> <!-- launchbrowser -->
        <test-method signature="adrefreshValidation_BOX1()[pri:0, instance:com.adpushup.mavenproject.TC03_Box1_AdRefreshValidation@236e3f4e]" started-at="2021-08-28T15:44:11 IST" name="adrefreshValidation_BOX1" finished-at="2021-08-28T15:44:52 IST" duration-ms="40767" status="PASS">
          <reporter-output>
          </reporter-output>
        </test-method> <!-- adrefreshValidation_BOX1 -->
        <test-method is-config="true" signature="afterTest()[pri:0, instance:com.adpushup.mavenproject.TC03_Box1_AdRefreshValidation@236e3f4e]" started-at="2021-08-28T15:44:52 IST" name="afterTest" finished-at="2021-08-28T15:44:52 IST" duration-ms="126" status="PASS">
          <reporter-output>
          </reporter-output>
        </test-method> <!-- afterTest -->
      </class> <!-- com.adpushup.mavenproject.TC03_Box1_AdRefreshValidation -->
      <class name="com.adpushup.mavenproject.TC06_Box2_AdRefreshBackToSameTab">
        <test-method is-config="true" signature="launchbrowser()[pri:0, instance:com.adpushup.mavenproject.TC06_Box2_AdRefreshBackToSameTab@5f16132a]" started-at="2021-08-28T15:46:11 IST" name="launchbrowser" finished-at="2021-08-28T15:46:12 IST" duration-ms="1269" status="PASS">
          <reporter-output>
          </reporter-output>
        </test-method> <!-- launchbrowser -->
        <test-method signature="adrefreshValidation_BOX1()[pri:0, instance:com.adpushup.mavenproject.TC06_Box2_AdRefreshBackToSameTab@5f16132a]" started-at="2021-08-28T15:46:12 IST" name="adrefreshValidation_BOX1" finished-at="2021-08-28T15:46:48 IST" duration-ms="35863" status="PASS">
          <reporter-output>
          </reporter-output>
        </test-method> <!-- adrefreshValidation_BOX1 -->
        <test-method is-config="true" signature="afterTest()[pri:0, instance:com.adpushup.mavenproject.TC06_Box2_AdRefreshBackToSameTab@5f16132a]" started-at="2021-08-28T15:46:48 IST" name="afterTest" finished-at="2021-08-28T15:46:48 IST" duration-ms="120" status="PASS">
          <reporter-output>
          </reporter-output>
        </test-method> <!-- afterTest -->
      </class> <!-- com.adpushup.mavenproject.TC06_Box2_AdRefreshBackToSameTab -->
      <class name="com.adpushup.mavenproject.TC02_Box2_30sec_display">
        <test-method is-config="true" signature="launchbrowser()[pri:0, instance:com.adpushup.mavenproject.TC02_Box2_30sec_display@dd0c991]" started-at="2021-08-28T15:46:09 IST" name="launchbrowser" finished-at="2021-08-28T15:46:10 IST" duration-ms="1337" status="PASS">
          <reporter-output>
          </reporter-output>
        </test-method> <!-- launchbrowser -->
        <test-method signature="box2_validation()[pri:0, instance:com.adpushup.mavenproject.TC02_Box2_30sec_display@dd0c991]" started-at="2021-08-28T15:46:10 IST" name="box2_validation" finished-at="2021-08-28T15:46:11 IST" duration-ms="749" status="PASS">
          <reporter-output>
          </reporter-output>
        </test-method> <!-- box2_validation -->
        <test-method is-config="true" signature="closeconnection()[pri:0, instance:com.adpushup.mavenproject.TC02_Box2_30sec_display@dd0c991]" started-at="2021-08-28T15:46:11 IST" name="closeconnection" finished-at="2021-08-28T15:46:11 IST" duration-ms="147" status="PASS">
          <reporter-output>
          </reporter-output>
        </test-method> <!-- closeconnection -->
      </class> <!-- com.adpushup.mavenproject.TC02_Box2_30sec_display -->
    </test> <!-- Test -->
  </suite> <!-- Suite -->
</testng-results>
